#
# A fatal error has been detected by the Java Runtime Environment:
#
#  EXCEPTION_ACCESS_VIOLATION (0xc0000005) at pc=0x00007ffe52efc13f, pid=8332, tid=2584
#
# JRE version: OpenJDK Runtime Environment Microsoft-9388408 (17.0.11+9) (build 17.0.11+9-LTS)
# Java VM: OpenJDK 64-Bit Server VM Microsoft-9388408 (17.0.11+9-LTS, mixed mode, sharing, tiered, compressed oops, compressed class ptrs, g1 gc, windows-amd64)
# Problematic frame:
# V  [jvm.dll+0x30c13f]
#
# No core dump will be written. Minidumps are not enabled by default on client versions of Windows
#
# If you would like to submit a bug report, please visit:
#   https://github.com/microsoft/openjdk/issues
#

---------------  S U M M A R Y ------------

Command Line: -XX:MaxMetaspaceSize=512m --add-opens=java.base/java.util=ALL-UNNAMED --add-opens=java.base/java.lang=ALL-UNNAMED --add-opens=java.base/java.lang.invoke=ALL-UNNAMED --add-opens=java.prefs/java.util.prefs=ALL-UNNAMED --add-opens=java.base/java.nio.charset=ALL-UNNAMED --add-opens=java.base/java.net=ALL-UNNAMED --add-opens=java.base/java.util.concurrent.atomic=ALL-UNNAMED -Xmx2048m -Dfile.encoding=windows-1252 -Duser.country=US -Duser.language=en -Duser.variant org.gradle.launcher.daemon.bootstrap.GradleDaemon 8.0.1

Host: Intel(R) Core(TM) i5-10210U CPU @ 1.60GHz, 8 cores, 11G,  Windows 10 , 64 bit Build 19041 (10.0.19041.3636)
Time: Sun Jul 14 07:31:27 2024 Sri Lanka Standard Time elapsed time: 3.507375 seconds (0d 0h 0m 3s)

---------------  T H R E A D  ---------------

Current thread (0x000001796a6ac010):  GCTaskThread "GC Thread#1" [stack: 0x0000000757500000,0x0000000757600000] [id=2584]

Stack: [0x0000000757500000,0x0000000757600000],  sp=0x00000007575ff780,  free space=1021k
Native frames: (J=compiled Java code, j=interpreted, Vv=VM code, C=native code)
V  [jvm.dll+0x30c13f]
V  [jvm.dll+0x2dfc39]
V  [jvm.dll+0x2e02ea]
V  [jvm.dll+0x2e03e7]
V  [jvm.dll+0x2e599b]
V  [jvm.dll+0x864fdb]
V  [jvm.dll+0x865026]
V  [jvm.dll+0x7e6cba]
V  [jvm.dll+0x67e5c5]
C  [ucrtbase.dll+0x21bb2]
C  [KERNEL32.DLL+0x17344]
C  [ntdll.dll+0x526b1]


siginfo: EXCEPTION_ACCESS_VIOLATION (0xc0000005), reading address 0x0000000000080000


Registers:
RAX=0x0000000000000000, RBX=0x000001796bbef3a0, RCX=0x0000000000000014, RDX=0x0000000000000000
RSP=0x00000007575ff780, RBP=0x0000017944c34c40, RSI=0x0000000082f944b0, RDI=0x00000007575ff880
R8 =0x0000000000000000, R9 =0x000005bf00000174, R10=0x0000000000080000, R11=0x0000017944c40c80
R12=0x0000000000000003, R13=0x000001796bbef3a0, R14=0x000001796a1a3ba0, R15=0x00000179652d8c00
RIP=0x00007ffe52efc13f, EFLAGS=0x0000000000010246


Register to memory mapping:

RIP=0x00007ffe52efc13f jvm.dll
RAX=0x0 is NULL
RBX=0x000001796bbef3a0 points into unknown readable memory: 0x00007ffe5354cb48 | 48 cb 54 53 fe 7f 00 00
RCX=0x0000000000000014 is an unknown value
RDX=0x0 is NULL
RSP=0x00000007575ff780 points into unknown readable memory: 0x000005b600000120 | 20 01 00 00 b6 05 00 00
RBP=0x0000017944c34c40 points into unknown readable memory: 0x00007ffe535463a0 | a0 63 54 53 fe 7f 00 00
RSI=
[error occurred during error reporting (printing register info), id 0xc0000005, EXCEPTION_ACCESS_VIOLATION (0xc0000005) at pc=0x00007ffe52ec799a]

Top of Stack: (sp=0x00000007575ff780)
0x00000007575ff780:   000005b600000120 000001796bbef3a0
0x00000007575ff790:   0000017944c34c40 0000000082f93124
0x00000007575ff7a0:   00000007575ff810 00007ffe52ecfc39
0x00000007575ff7b0:   0000000082f944b1 0000000000000013
0x00000007575ff7c0:   00000007575ff880 0000000000000000
0x00000007575ff7d0:   00000007566feab0 00007ffe53268bff
0x00000007575ff7e0:   0000000000000000 0000000000000000
0x00000007575ff7f0:   0000000000000000 0000000000000000
0x00000007575ff800:   0000000000000000 00007ffe533e5517
0x00000007575ff810:   00000179652d8c00 000001796a1a3ba0
0x00000007575ff820:   00000000000003d8 00000179652d8fe8
0x00000007575ff830:   0000000000000005 00007ffe52ed02ea
0x00000007575ff840:   000001796bbef3a0 0000000000000013
0x00000007575ff850:   00000007566feab0 0000000000000000
0x00000007575ff860:   00007ffe5354dc10 0000000500000001
0x00000007575ff870:   000000000216257a 00000001b7d7f843
0x00000007575ff880:   00007ffe53546378 0000000000000000
0x00000007575ff890:   0000000000000000 0000000000000000
0x00000007575ff8a0:   0000017944c36250 000001796bbef3a0
0x00000007575ff8b0:   0000017944c34c40 00000007566feae0
0x00000007575ff8c0:   0000000000000013 0000000000000000
0x00000007575ff8d0:   0000000000000000 0000000000000000
0x00000007575ff8e0:   00000179652d8c10 00007ffe52ed03e7
0x00000007575ff8f0:   000001796bbef3a0 0000000000000005
0x00000007575ff900:   000001796a6ac320 00000007566feab0
0x00000007575ff910:   0000000000000015 0000000000000013
0x00000007575ff920:   00000007566feab0 00007ffe52ed599b
0x00000007575ff930:   000001796bbef3a0 000001796a6ac320
0x00000007575ff940:   0000000000000000 0000000000000000
0x00000007575ff950:   0000000000000000 000001796a6ac010
0x00000007575ff960:   0000000000000000 0000000000000000
0x00000007575ff970:   00000007566feab0 00007ffe53454fdb 

Instructions: (pc=0x00007ffe52efc13f)
0x00007ffe52efc03f:   00 48 83 3c 07 00 75 4d 45 33 c0 b9 38 02 00 00
0x00007ffe52efc04f:   41 8d 50 05 e8 f8 ab d9 ff 48 8b c8 48 85 c0 74
0x00007ffe52efc05f:   28 48 8b 43 28 44 8b ce 4c 8b 43 08 48 8b 13 48
0x00007ffe52efc06f:   89 44 24 30 48 8b 43 20 48 89 44 24 28 8b 43 30
0x00007ffe52efc07f:   89 44 24 20 e8 88 ee ff ff 48 8b 4b 10 48 89 04
0x00007ffe52efc08f:   0f 48 8b 43 10 48 8b 04 07 48 8b 5c 24 50 48 8b
0x00007ffe52efc09f:   74 24 58 48 83 c4 40 5f c3 cc cc cc cc cc cc cc
0x00007ffe52efc0af:   cc 48 89 5c 24 20 55 48 83 ec 20 48 8b ea 48 c7
0x00007ffe52efc0bf:   44 24 30 00 00 00 00 8b 91 a8 01 00 00 4c 8d 44
0x00007ffe52efc0cf:   24 30 48 8b d9 48 8b cd e8 e4 25 fe ff 84 c0 0f
0x00007ffe52efc0df:   84 79 02 00 00 48 89 74 24 38 48 89 7c 24 40 66
0x00007ffe52efc0ef:   90 48 8b 54 24 30 f6 c2 01 0f 84 20 01 00 00 8b
0x00007ffe52efc0ff:   0d e4 f1 80 00 48 8d 72 ff 48 8b 43 08 44 8b 16
0x00007ffe52efc10f:   49 d3 e2 4c 03 15 c7 f1 80 00 8b 88 90 05 00 00
0x00007ffe52efc11f:   49 8b d2 48 8b 80 80 05 00 00 48 d3 ea 0f b7 14
0x00007ffe52efc12f:   50 0f b7 c2 66 c1 e8 08 84 c0 0f 88 ef 01 00 00
0x00007ffe52efc13f:   4d 8b 02 41 0f b6 c0 24 03 3c 03 75 1e 80 3d 96
0x00007ffe52efc14f:   b3 87 00 00 74 0f 41 0f b6 c0 24 07 3c 05 75 05
0x00007ffe52efc15f:   45 33 c0 eb 17 49 83 e0 fc eb 11 4d 8b c8 48 8b
0x00007ffe52efc16f:   cb 4d 8b c2 e8 38 f5 ff ff 4c 8b c0 8b 0d 67 f1
0x00007ffe52efc17f:   80 00 49 8b d0 48 2b 15 55 f1 80 00 48 d3 ea 89
0x00007ffe52efc18f:   16 48 8b d6 8b 0d 77 bc 87 00 49 33 d0 48 d3 ea
0x00007ffe52efc19f:   48 85 d2 0f 84 86 01 00 00 48 8b 43 08 48 8b d6
0x00007ffe52efc1af:   8b 88 c0 01 00 00 48 8b 80 b0 01 00 00 48 d3 ea
0x00007ffe52efc1bf:   48 8b 0c d0 8b 81 94 00 00 00 d1 e8 a8 01 0f 85
0x00007ffe52efc1cf:   5b 01 00 00 48 8b 43 08 8b 88 90 05 00 00 48 8b
0x00007ffe52efc1df:   80 80 05 00 00 49 d3 e8 42 80 3c 40 00 0f 84 3c
0x00007ffe52efc1ef:   01 00 00 48 8b 43 60 48 c1 ee 09 48 8b 78 40 48
0x00007ffe52efc1ff:   8b 48 38 48 03 fe 48 2b f9 48 39 bb b0 01 00 00
0x00007ffe52efc20f:   0f 84 19 01 00 00 48 8d 14 39 e9 f2 00 00 00 f6
0x00007ffe52efc21f:   c2 03 0f 85 fb 00 00 00 4c 8b 02 48 8b 43 08 49
0x00007ffe52efc22f:   8b d0 8b 88 90 05 00 00 48 8b 80 80 05 00 00 48 


Stack slot to memory mapping:
stack at sp + 0 slots: 0x000005b600000120 is an unknown value
stack at sp + 1 slots: 0x000001796bbef3a0 points into unknown readable memory: 0x00007ffe5354cb48 | 48 cb 54 53 fe 7f 00 00
stack at sp + 2 slots: 0x0000017944c34c40 points into unknown readable memory: 0x00007ffe535463a0 | a0 63 54 53 fe 7f 00 00
stack at sp + 3 slots: 0x0000000082f93124 is pointing into object: [Ljava.util.HashMap$Node; 
{0x0000000082f930b0} - klass: 'java/util/HashMap$Node'[]
 - length: 32
stack at sp + 4 slots: 0x00000007575ff810 points into unknown readable memory: 0x00000179652d8c00 | 00 8c 2d 65 79 01 00 00
stack at sp + 5 slots: 0x00007ffe52ecfc39 jvm.dll
stack at sp + 6 slots: 
[error occurred during error reporting (inspecting top of stack), id 0xc0000005, EXCEPTION_ACCESS_VIOLATION (0xc0000005) at pc=0x00007ffe52ec799a]


---------------  P R O C E S S  ---------------

Threads class SMR info:
_java_thread_list=0x000001796f49c010, length=39, elements={
0x0000017944c28740, 0x0000017965066130, 0x0000017965067ed0, 0x000001796507e560,
0x0000017965081200, 0x0000017965082c40, 0x0000017965083510, 0x00000179650845d0,
0x0000017965084f90, 0x00000179650878b0, 0x00000179652d78c0, 0x00000179652dce00,
0x0000017965562980, 0x000001796546ea70, 0x000001796b931af0, 0x000001796b004480,
0x000001796ae018d0, 0x000001796b4c8210, 0x000001796b80fba0, 0x000001796b457030,
0x000001796b749100, 0x000001796b747650, 0x000001796b748070, 0x000001796b747b60,
0x000001796b748a90, 0x000001796b747140, 0x000001796c5a1210, 0x000001796c59b6f0,
0x000001796c59cb30, 0x000001796c5a07f0, 0x000001796c59f3b0, 0x000001796c59da60,
0x000001796c59c110, 0x000001796c59c620, 0x000001796c5a0d00, 0x000001796c59bc00,
0x000001796c5a1720, 0x000001796c59d040, 0x000001796c5a02e0
}

Java Threads: ( => current thread )
  0x0000017944c28740 JavaThread "main" [_thread_blocked, id=13108, stack(0x0000000756000000,0x0000000756100000)]
  0x0000017965066130 JavaThread "Reference Handler" daemon [_thread_blocked, id=10820, stack(0x0000000756700000,0x0000000756800000)]
  0x0000017965067ed0 JavaThread "Finalizer" daemon [_thread_blocked, id=9372, stack(0x0000000756800000,0x0000000756900000)]
  0x000001796507e560 JavaThread "Signal Dispatcher" daemon [_thread_blocked, id=13080, stack(0x0000000756900000,0x0000000756a00000)]
  0x0000017965081200 JavaThread "Attach Listener" daemon [_thread_blocked, id=8752, stack(0x0000000756a00000,0x0000000756b00000)]
  0x0000017965082c40 JavaThread "Service Thread" daemon [_thread_blocked, id=6436, stack(0x0000000756b00000,0x0000000756c00000)]
  0x0000017965083510 JavaThread "Monitor Deflation Thread" daemon [_thread_blocked, id=12124, stack(0x0000000756c00000,0x0000000756d00000)]
  0x00000179650845d0 JavaThread "C2 CompilerThread0" daemon [_thread_blocked, id=11460, stack(0x0000000756d00000,0x0000000756e00000)]
  0x0000017965084f90 JavaThread "C1 CompilerThread0" daemon [_thread_blocked, id=11172, stack(0x0000000756e00000,0x0000000756f00000)]
  0x00000179650878b0 JavaThread "Sweeper thread" daemon [_thread_blocked, id=7552, stack(0x0000000756f00000,0x0000000757000000)]
  0x00000179652d78c0 JavaThread "Common-Cleaner" daemon [_thread_blocked, id=12252, stack(0x0000000757000000,0x0000000757100000)]
  0x00000179652dce00 JavaThread "Notification Thread" daemon [_thread_blocked, id=2160, stack(0x0000000757100000,0x0000000757200000)]
  0x0000017965562980 JavaThread "C2 CompilerThread1" daemon [_thread_in_native, id=13012, stack(0x0000000757300000,0x0000000757400000)]
  0x000001796546ea70 JavaThread "C2 CompilerThread2" daemon [_thread_blocked, id=12512, stack(0x0000000757400000,0x0000000757500000)]
  0x000001796b931af0 JavaThread "Daemon health stats" [_thread_blocked, id=1656, stack(0x0000000757900000,0x0000000757a00000)]
  0x000001796b004480 JavaThread "Incoming local TCP Connector on port 62007" [_thread_in_native, id=992, stack(0x0000000757a00000,0x0000000757b00000)]
  0x000001796ae018d0 JavaThread "Daemon periodic checks" [_thread_blocked, id=948, stack(0x0000000757b00000,0x0000000757c00000)]
  0x000001796b4c8210 JavaThread "Daemon" [_thread_blocked, id=10680, stack(0x0000000757c00000,0x0000000757d00000)]
  0x000001796b80fba0 JavaThread "Handler for socket connection from /127.0.0.1:62007 to /127.0.0.1:62008" [_thread_in_native, id=12056, stack(0x0000000757d00000,0x0000000757e00000)]
  0x000001796b457030 JavaThread "Cancel handler" [_thread_blocked, id=6128, stack(0x0000000757e00000,0x0000000757f00000)]
  0x000001796b749100 JavaThread "Daemon worker" [_thread_blocked, id=7152, stack(0x0000000757f00000,0x0000000758000000)]
  0x000001796b747650 JavaThread "Asynchronous log dispatcher for DefaultDaemonConnection: socket connection from /127.0.0.1:62007 to /127.0.0.1:62008" [_thread_blocked, id=12856, stack(0x0000000758000000,0x0000000758100000)]
  0x000001796b748070 JavaThread "Stdin handler" [_thread_blocked, id=12088, stack(0x0000000758100000,0x0000000758200000)]
  0x000001796b747b60 JavaThread "Daemon client event forwarder" [_thread_blocked, id=10372, stack(0x0000000758200000,0x0000000758300000)]
  0x000001796b748a90 JavaThread "Cache worker for journal cache (C:\Users\thamo\.gradle\caches\journal-1)" [_thread_blocked, id=8112, stack(0x0000000758300000,0x0000000758400000)]
  0x000001796b747140 JavaThread "File lock request listener" [_thread_in_native, id=12552, stack(0x0000000758400000,0x0000000758500000)]
  0x000001796c5a1210 JavaThread "Cache worker for file hash cache (C:\Users\thamo\.gradle\caches\8.0.1\fileHashes)" [_thread_blocked, id=9636, stack(0x0000000758500000,0x0000000758600000)]
  0x000001796c59b6f0 JavaThread "File watcher server" daemon [_thread_in_native, id=8636, stack(0x0000000758600000,0x0000000758700000)]
  0x000001796c59cb30 JavaThread "File watcher consumer" daemon [_thread_blocked, id=9696, stack(0x0000000758700000,0x0000000758800000)]
  0x000001796c5a07f0 JavaThread "Cache worker for checksums cache (C:\Users\thamo\Downloads\NEWSIQ_MOBILE_APP-main\NEWSIQ_MOBILE_APP-main\android\.gradle\8.0.1\checksums)" [_thread_blocked, id=2280, stack(0x0000000758800000,0x0000000758900000)]
  0x000001796c59f3b0 JavaThread "Cache worker for cache directory md-rule (C:\Users\thamo\.gradle\caches\8.0.1\md-rule)" [_thread_blocked, id=6120, stack(0x0000000758900000,0x0000000758a00000)]
  0x000001796c59da60 JavaThread "Cache worker for file content cache (C:\Users\thamo\.gradle\caches\8.0.1\fileContent)" [_thread_blocked, id=12468, stack(0x0000000758a00000,0x0000000758b00000)]
  0x000001796c59c110 JavaThread "Cache worker for file hash cache (C:\Users\thamo\Downloads\NEWSIQ_MOBILE_APP-main\NEWSIQ_MOBILE_APP-main\android\.gradle\8.0.1\fileHashes)" [_thread_blocked, id=2012, stack(0x0000000758b00000,0x0000000758c00000)]
  0x000001796c59c620 JavaThread "Cache worker for cache directory md-supplier (C:\Users\thamo\.gradle\caches\8.0.1\md-supplier)" [_thread_blocked, id=8100, stack(0x0000000758c00000,0x0000000758d00000)]
  0x000001796c5a0d00 JavaThread "Cache worker for execution history cache (C:\Users\thamo\.gradle\caches\8.0.1\executionHistory)" [_thread_blocked, id=13248, stack(0x0000000759100000,0x0000000759200000)]
  0x000001796c59bc00 JavaThread "jar transforms" [_thread_blocked, id=1536, stack(0x0000000759200000,0x0000000759300000)]
  0x000001796c5a1720 JavaThread "jar transforms Thread 2" [_thread_blocked, id=5348, stack(0x0000000759300000,0x0000000759400000)]
  0x000001796c59d040 JavaThread "jar transforms Thread 3" [_thread_blocked, id=7812, stack(0x0000000759400000,0x0000000759500000)]
  0x000001796c5a02e0 JavaThread "jar transforms Thread 4" [_thread_blocked, id=8732, stack(0x0000000759500000,0x0000000759600000)]

Other Threads:
  0x0000017965061d50 VMThread "VM Thread" [stack: 0x0000000756600000,0x0000000756700000] [id=5592]
  0x00000179652ddaf0 WatcherThread [stack: 0x0000000757200000,0x0000000757300000] [id=2744]
  0x0000017944c83fa0 GCTaskThread "GC Thread#0" [stack: 0x0000000756100000,0x0000000756200000] [id=11404]
=>0x000001796a6ac010 GCTaskThread "GC Thread#1" [stack: 0x0000000757500000,0x0000000757600000] [id=2584]
  0x0000017965539e60 GCTaskThread "GC Thread#2" [stack: 0x0000000757600000,0x0000000757700000] [id=7420]
  0x000001796553a120 GCTaskThread "GC Thread#3" [stack: 0x0000000757700000,0x0000000757800000] [id=10672]
  0x000001796a6ab5e0 GCTaskThread "GC Thread#4" [stack: 0x0000000757800000,0x0000000757900000] [id=11136]
  0x000001796b55ad70 GCTaskThread "GC Thread#5" [stack: 0x0000000758d00000,0x0000000758e00000] [id=4124]
  0x000001796b55c370 GCTaskThread "GC Thread#6" [stack: 0x0000000758e00000,0x0000000758f00000] [id=12008]
  0x000001796b55b030 GCTaskThread "GC Thread#7" [stack: 0x0000000758f00000,0x0000000759000000] [id=9236]
  0x0000017944c95e10 ConcurrentGCThread "G1 Main Marker" [stack: 0x0000000756200000,0x0000000756300000] [id=6076]
  0x0000017944c96740 ConcurrentGCThread "G1 Conc#0" [stack: 0x0000000756300000,0x0000000756400000] [id=3088]
  0x000001796b55b2f0 ConcurrentGCThread "G1 Conc#1" [stack: 0x0000000759000000,0x0000000759100000] [id=12496]
  0x0000017944cde220 ConcurrentGCThread "G1 Refine#0" [stack: 0x0000000756400000,0x0000000756500000] [id=2132]
  0x0000017944cdeb60 ConcurrentGCThread "G1 Service" [stack: 0x0000000756500000,0x0000000756600000] [id=7728]

Threads with active compile tasks:
C2 CompilerThread0     3549 3410   !   4       java.net.URLClassLoader$1::run (81 bytes)
C1 CompilerThread0     3549 3647       2       java.beans.Introspector::addPropertyDescriptor (265 bytes)
C2 CompilerThread1     3549 3411   !   4       java.net.URLClassLoader::findClass (47 bytes)
C2 CompilerThread2     3549 3409       4       java.net.URLClassLoader$1::run (5 bytes)

VM state: at safepoint (normal execution)

VM Mutex/Monitor currently owned by a thread:  ([mutex/lock_event])
[0x0000017944c26de0] Threads_lock - owner thread: 0x0000017965061d50
[0x0000017944c26f90] Heap_lock - owner thread: 0x000001796b749100

Heap address: 0x0000000080000000, size: 2048 MB, Compressed Oops mode: 32-bit

CDS archive(s) mapped at: [0x0000017900000000-0x0000017900bb0000-0x0000017900bb0000), size 12255232, SharedBaseAddress: 0x0000017900000000, ArchiveRelocationMode: 1.
Compressed class space mapped at: 0x0000017901000000-0x000001791b000000, reserved size: 436207616
Narrow klass base: 0x0000017900000000, Narrow klass shift: 0, Narrow klass range: 0x100000000

GC Precious Log:
 CPUs: 8 total, 8 available
 Memory: 12091M
 Large Page Support: Disabled
 NUMA Support: Disabled
 Compressed Oops: Enabled (32-bit)
 Heap Region Size: 1M
 Heap Min Capacity: 8M
 Heap Initial Capacity: 190M
 Heap Max Capacity: 2G
 Pre-touch: Disabled
 Parallel Workers: 8
 Concurrent Workers: 2
 Concurrent Refinement Workers: 8
 Periodic GC: Disabled

Heap:
 garbage-first heap   total 81920K, used 60615K [0x0000000080000000, 0x0000000100000000)
  region size 1024K, 34 young (34816K), 4 survivors (4096K)
 Metaspace       used 31408K, committed 31872K, reserved 491520K
  class space    used 4334K, committed 4544K, reserved 425984K

Heap Regions: E=young(eden), S=young(survivor), O=old, HS=humongous(starts), HC=humongous(continues), CS=collection set, F=free, OA=open archive, CA=closed archive, TAMS=top-at-mark-start (previous, next)
|   0|0x0000000080000000, 0x0000000080100000, 0x0000000080100000|100%|HS|  |TAMS 0x0000000080100000, 0x0000000080000000| Complete 
|   1|0x0000000080100000, 0x0000000080200000, 0x0000000080200000|100%|HC|  |TAMS 0x0000000080200000, 0x0000000080100000| Complete 
|   2|0x0000000080200000, 0x0000000080300000, 0x0000000080300000|100%|HC|  |TAMS 0x0000000080300000, 0x0000000080200000| Complete 
|   3|0x0000000080300000, 0x0000000080400000, 0x0000000080400000|100%|HC|  |TAMS 0x0000000080400000, 0x0000000080300000| Complete 
|   4|0x0000000080400000, 0x0000000080500000, 0x0000000080500000|100%| O|  |TAMS 0x0000000080500000, 0x0000000080400000| Untracked 
|   5|0x0000000080500000, 0x0000000080600000, 0x0000000080600000|100%| O|  |TAMS 0x0000000080600000, 0x0000000080500000| Untracked 
|   6|0x0000000080600000, 0x0000000080700000, 0x0000000080700000|100%| O|  |TAMS 0x0000000080700000, 0x0000000080600000| Untracked 
|   7|0x0000000080700000, 0x0000000080800000, 0x0000000080800000|100%| O|  |TAMS 0x0000000080800000, 0x0000000080700000| Untracked 
|   8|0x0000000080800000, 0x0000000080900000, 0x0000000080900000|100%| O|  |TAMS 0x0000000080800000, 0x0000000080800000| Untracked 
|   9|0x0000000080900000, 0x0000000080a00000, 0x0000000080a00000|100%| O|  |TAMS 0x0000000080a00000, 0x0000000080900000| Untracked 
|  10|0x0000000080a00000, 0x0000000080b00000, 0x0000000080b00000|100%| O|  |TAMS 0x0000000080b00000, 0x0000000080a00000| Untracked 
|  11|0x0000000080b00000, 0x0000000080c00000, 0x0000000080c00000|100%|HS|  |TAMS 0x0000000080b00000, 0x0000000080b00000| Complete 
|  12|0x0000000080c00000, 0x0000000080d00000, 0x0000000080d00000|100%| O|  |TAMS 0x0000000080c00000, 0x0000000080c00000| Untracked 
|  13|0x0000000080d00000, 0x0000000080e00000, 0x0000000080e00000|100%| O|  |TAMS 0x0000000080d00000, 0x0000000080d00000| Untracked 
|  14|0x0000000080e00000, 0x0000000080f00000, 0x0000000080f00000|100%| O|  |TAMS 0x0000000080e00000, 0x0000000080e00000| Untracked 
|  15|0x0000000080f00000, 0x0000000081000000, 0x0000000081000000|100%| O|  |TAMS 0x0000000080f00000, 0x0000000080f00000| Untracked 
|  16|0x0000000081000000, 0x0000000081100000, 0x0000000081100000|100%| O|  |TAMS 0x0000000081000000, 0x0000000081000000| Untracked 
|  17|0x0000000081100000, 0x0000000081200000, 0x0000000081200000|100%| O|  |TAMS 0x0000000081100000, 0x0000000081100000| Untracked 
|  18|0x0000000081200000, 0x0000000081300000, 0x0000000081300000|100%| O|  |TAMS 0x0000000081200000, 0x0000000081200000| Untracked 
|  19|0x0000000081300000, 0x0000000081400000, 0x0000000081400000|100%| O|  |TAMS 0x0000000081300000, 0x0000000081300000| Untracked 
|  20|0x0000000081400000, 0x0000000081500000, 0x0000000081500000|100%| O|  |TAMS 0x0000000081400000, 0x0000000081400000| Untracked 
|  21|0x0000000081500000, 0x0000000081600000, 0x0000000081600000|100%| O|  |TAMS 0x0000000081500000, 0x0000000081500000| Untracked 
|  22|0x0000000081600000, 0x0000000081700000, 0x0000000081700000|100%| O|  |TAMS 0x0000000081600000, 0x0000000081600000| Untracked 
|  23|0x0000000081700000, 0x0000000081800000, 0x0000000081800000|100%| O|  |TAMS 0x0000000081700000, 0x0000000081700000| Untracked 
|  24|0x0000000081800000, 0x0000000081900000, 0x0000000081900000|100%| O|  |TAMS 0x0000000081800000, 0x0000000081800000| Untracked 
|  25|0x0000000081900000, 0x0000000081a00000, 0x0000000081a00000|100%| O|  |TAMS 0x0000000081900000, 0x0000000081900000| Untracked 
|  26|0x0000000081a00000, 0x0000000081a8e400, 0x0000000081b00000| 55%| O|  |TAMS 0x0000000081a00000, 0x0000000081a00000| Untracked 
|  27|0x0000000081b00000, 0x0000000081c00000, 0x0000000081c00000|100%|HS|  |TAMS 0x0000000081b00000, 0x0000000081b00000| Complete 
|  28|0x0000000081c00000, 0x0000000081d00000, 0x0000000081d00000|100%|HC|  |TAMS 0x0000000081c00000, 0x0000000081c00000| Complete 
|  29|0x0000000081d00000, 0x0000000081d00000, 0x0000000081e00000|  0%| F|  |TAMS 0x0000000081d00000, 0x0000000081d00000| Untracked 
|  30|0x0000000081e00000, 0x0000000081e00000, 0x0000000081f00000|  0%| F|  |TAMS 0x0000000081e00000, 0x0000000081e00000| Untracked 
|  31|0x0000000081f00000, 0x0000000081f00000, 0x0000000082000000|  0%| F|  |TAMS 0x0000000081f00000, 0x0000000081f00000| Untracked 
|  32|0x0000000082000000, 0x0000000082000000, 0x0000000082100000|  0%| F|  |TAMS 0x0000000082000000, 0x0000000082000000| Untracked 
|  33|0x0000000082100000, 0x0000000082100000, 0x0000000082200000|  0%| F|  |TAMS 0x0000000082100000, 0x0000000082100000| Untracked 
|  34|0x0000000082200000, 0x0000000082200000, 0x0000000082300000|  0%| F|  |TAMS 0x0000000082200000, 0x0000000082200000| Untracked 
|  35|0x0000000082300000, 0x0000000082300000, 0x0000000082400000|  0%| F|  |TAMS 0x0000000082300000, 0x0000000082300000| Untracked 
|  36|0x0000000082400000, 0x0000000082400000, 0x0000000082500000|  0%| F|  |TAMS 0x0000000082400000, 0x0000000082400000| Untracked 
|  37|0x0000000082500000, 0x0000000082500000, 0x0000000082600000|  0%| F|  |TAMS 0x0000000082500000, 0x0000000082500000| Untracked 
|  38|0x0000000082600000, 0x0000000082600000, 0x0000000082700000|  0%| F|  |TAMS 0x0000000082600000, 0x0000000082600000| Untracked 
|  39|0x0000000082700000, 0x0000000082700000, 0x0000000082800000|  0%| F|  |TAMS 0x0000000082700000, 0x0000000082700000| Untracked 
|  40|0x0000000082800000, 0x0000000082800000, 0x0000000082900000|  0%| F|  |TAMS 0x0000000082800000, 0x0000000082800000| Untracked 
|  41|0x0000000082900000, 0x0000000082900000, 0x0000000082a00000|  0%| F|  |TAMS 0x0000000082900000, 0x0000000082900000| Untracked 
|  42|0x0000000082a00000, 0x0000000082a00000, 0x0000000082b00000|  0%| F|  |TAMS 0x0000000082a00000, 0x0000000082a00000| Untracked 
|  43|0x0000000082b00000, 0x0000000082b00000, 0x0000000082c00000|  0%| F|  |TAMS 0x0000000082b00000, 0x0000000082b00000| Untracked 
|  44|0x0000000082c00000, 0x0000000082c00000, 0x0000000082d00000|  0%| F|  |TAMS 0x0000000082c00000, 0x0000000082c00000| Untracked 
|  45|0x0000000082d00000, 0x0000000082dbabd0, 0x0000000082e00000| 72%| S|  |TAMS 0x0000000082d00000, 0x0000000082d00000| Complete 
|  46|0x0000000082e00000, 0x0000000082f00000, 0x0000000082f00000|100%| S|  |TAMS 0x0000000082e00000, 0x0000000082e00000| Complete 
|  47|0x0000000082f00000, 0x0000000083000000, 0x0000000083000000|100%| S|  |TAMS 0x0000000082f00000, 0x0000000082f00000| Complete 
|  48|0x0000000083000000, 0x0000000083100000, 0x0000000083100000|100%| S|  |TAMS 0x0000000083000000, 0x0000000083000000| Complete 
|  49|0x0000000083100000, 0x0000000083200000, 0x0000000083200000|100%| E|CS|TAMS 0x0000000083100000, 0x0000000083100000| Complete 
|  50|0x0000000083200000, 0x0000000083300000, 0x0000000083300000|100%| E|CS|TAMS 0x0000000083200000, 0x0000000083200000| Complete 
|  51|0x0000000083300000, 0x0000000083400000, 0x0000000083400000|100%| E|CS|TAMS 0x0000000083300000, 0x0000000083300000| Complete 
|  52|0x0000000083400000, 0x0000000083500000, 0x0000000083500000|100%| E|CS|TAMS 0x0000000083400000, 0x0000000083400000| Complete 
|  53|0x0000000083500000, 0x0000000083600000, 0x0000000083600000|100%| E|CS|TAMS 0x0000000083500000, 0x0000000083500000| Complete 
|  54|0x0000000083600000, 0x0000000083700000, 0x0000000083700000|100%| E|CS|TAMS 0x0000000083600000, 0x0000000083600000| Complete 
|  55|0x0000000083700000, 0x0000000083800000, 0x0000000083800000|100%| E|CS|TAMS 0x0000000083700000, 0x0000000083700000| Complete 
|  56|0x0000000083800000, 0x0000000083900000, 0x0000000083900000|100%| E|CS|TAMS 0x0000000083800000, 0x0000000083800000| Complete 
|  57|0x0000000083900000, 0x0000000083a00000, 0x0000000083a00000|100%| E|CS|TAMS 0x0000000083900000, 0x0000000083900000| Complete 
|  58|0x0000000083a00000, 0x0000000083b00000, 0x0000000083b00000|100%| E|CS|TAMS 0x0000000083a00000, 0x0000000083a00000| Complete 
|  59|0x0000000083b00000, 0x0000000083c00000, 0x0000000083c00000|100%| E|CS|TAMS 0x0000000083b00000, 0x0000000083b00000| Complete 
|  60|0x0000000083c00000, 0x0000000083d00000, 0x0000000083d00000|100%| E|CS|TAMS 0x0000000083c00000, 0x0000000083c00000| Complete 
|  61|0x0000000083d00000, 0x0000000083e00000, 0x0000000083e00000|100%| E|CS|TAMS 0x0000000083d00000, 0x0000000083d00000| Complete 
|  62|0x0000000083e00000, 0x0000000083f00000, 0x0000000083f00000|100%| E|CS|TAMS 0x0000000083e00000, 0x0000000083e00000| Complete 
|  63|0x0000000083f00000, 0x0000000084000000, 0x0000000084000000|100%| E|CS|TAMS 0x0000000083f00000, 0x0000000083f00000| Complete 
|  64|0x0000000084000000, 0x0000000084100000, 0x0000000084100000|100%| E|CS|TAMS 0x0000000084000000, 0x0000000084000000| Complete 
|  65|0x0000000084100000, 0x0000000084200000, 0x0000000084200000|100%| E|CS|TAMS 0x0000000084100000, 0x0000000084100000| Complete 
|  66|0x0000000084200000, 0x0000000084300000, 0x0000000084300000|100%| E|CS|TAMS 0x0000000084200000, 0x0000000084200000| Complete 
|  73|0x0000000084900000, 0x0000000084a00000, 0x0000000084a00000|100%| E|CS|TAMS 0x0000000084900000, 0x0000000084900000| Complete 
|  74|0x0000000084a00000, 0x0000000084b00000, 0x0000000084b00000|100%| E|CS|TAMS 0x0000000084a00000, 0x0000000084a00000| Complete 
|  75|0x0000000084b00000, 0x0000000084c00000, 0x0000000084c00000|100%| E|CS|TAMS 0x0000000084b00000, 0x0000000084b00000| Complete 
|  76|0x0000000084c00000, 0x0000000084d00000, 0x0000000084d00000|100%| E|CS|TAMS 0x0000000084c00000, 0x0000000084c00000| Complete 
|  77|0x0000000084d00000, 0x0000000084e00000, 0x0000000084e00000|100%| E|CS|TAMS 0x0000000084d00000, 0x0000000084d00000| Complete 
|  78|0x0000000084e00000, 0x0000000084f00000, 0x0000000084f00000|100%| E|CS|TAMS 0x0000000084e00000, 0x0000000084e00000| Complete 
|  79|0x0000000084f00000, 0x0000000085000000, 0x0000000085000000|100%| E|CS|TAMS 0x0000000084f00000, 0x0000000084f00000| Complete 
|  80|0x0000000085000000, 0x0000000085100000, 0x0000000085100000|100%| E|CS|TAMS 0x0000000085000000, 0x0000000085000000| Complete 
|  81|0x0000000085100000, 0x0000000085200000, 0x0000000085200000|100%| E|CS|TAMS 0x0000000085100000, 0x0000000085100000| Complete 
|  82|0x0000000085200000, 0x0000000085300000, 0x0000000085300000|100%| E|CS|TAMS 0x0000000085200000, 0x0000000085200000| Complete 
|  83|0x0000000085300000, 0x0000000085400000, 0x0000000085400000|100%| E|CS|TAMS 0x0000000085300000, 0x0000000085300000| Complete 
|  84|0x0000000085400000, 0x00000000854a3b30, 0x0000000085500000| 63%| E|CS|TAMS 0x0000000085400000, 0x0000000085400000| Complete 
| 189|0x000000008bd00000, 0x000000008be00000, 0x000000008be00000|100%| E|CS|TAMS 0x000000008bd00000, 0x000000008bd00000| Complete 

Card table byte_map: [0x000001795dd90000,0x000001795e190000] _byte_map_base: 0x000001795d990000

Marking Bits (Prev, Next): (CMBitMap*) 0x0000017944c85520, (CMBitMap*) 0x0000017944c854e0
 Prev Bits: [0x0000017960590000, 0x0000017962590000)
 Next Bits: [0x000001795e590000, 0x0000017960590000)

Polling page: 0x0000017944ce0000

Metaspace:

Usage:
  Non-class:     26.44 MB used.
      Class:      4.23 MB used.
       Both:     30.67 MB used.

Virtual space:
  Non-class space:       64.00 MB reserved,      26.69 MB ( 42%) committed,  1 nodes.
      Class space:      416.00 MB reserved,       4.44 MB (  1%) committed,  1 nodes.
             Both:      480.00 MB reserved,      31.12 MB (  6%) committed. 

Chunk freelists:
   Non-Class:  4.80 MB
       Class:  11.59 MB
        Both:  16.39 MB

MaxMetaspaceSize: 512.00 MB
CompressedClassSpaceSize: 416.00 MB
Initial GC threshold: 21.00 MB
Current GC threshold: 35.31 MB
CDS: on
MetaspaceReclaimPolicy: balanced
 - commit_granule_bytes: 65536.
 - commit_granule_words: 8192.
 - virtual_space_node_default_size: 8388608.
 - enlarge_chunks_in_place: 1.
 - new_chunks_are_fully_committed: 0.
 - uncommit_free_chunks: 1.
 - use_allocation_guard: 0.
 - handle_deallocations: 1.


Internal statistics:

num_allocs_failed_limit: 3.
num_arena_births: 322.
num_arena_deaths: 0.
num_vsnodes_births: 2.
num_vsnodes_deaths: 0.
num_space_committed: 498.
num_space_uncommitted: 0.
num_chunks_returned_to_freelist: 3.
num_chunks_taken_from_freelist: 1417.
num_chunk_merges: 3.
num_chunk_splits: 960.
num_chunks_enlarged: 704.
num_inconsistent_stats: 0.

CodeHeap 'non-profiled nmethods': size=120000Kb used=2001Kb max_used=2001Kb free=117998Kb
 bounds [0x00000179559f0000, 0x0000017955c60000, 0x000001795cf20000]
CodeHeap 'profiled nmethods': size=120000Kb used=7515Kb max_used=7515Kb free=112484Kb
 bounds [0x000001794df20000, 0x000001794e680000, 0x0000017955450000]
CodeHeap 'non-nmethods': size=5760Kb used=2354Kb max_used=2354Kb free=3405Kb
 bounds [0x0000017955450000, 0x00000179556c0000, 0x00000179559f0000]
 total_blobs=4414 nmethods=3626 adapters=698
 compilation: enabled
              stopped_count=0, restarted_count=0
 full_count=0

Compilation events (20 events):
Event: 3.491 Thread 0x0000017965084f90 nmethod 3640 0x000001794e673810 code [0x000001794e673a20, 0x000001794e673f68]
Event: 3.491 Thread 0x0000017965084f90 3638       2       java.util.HashMap$ValueIterator::next (8 bytes)
Event: 3.491 Thread 0x0000017965084f90 nmethod 3638 0x000001794e674190 code [0x000001794e674320, 0x000001794e674448]
Event: 3.492 Thread 0x0000017965084f90 3642       2       org.codehaus.groovy.util.ComplexKeyHashMap$1::next (5 bytes)
Event: 3.492 Thread 0x0000017965084f90 nmethod 3642 0x000001794e674510 code [0x000001794e6746a0, 0x000001794e6747c8]
Event: 3.492 Thread 0x0000017965084f90 3644       2       java.util.ArrayList::<init> (63 bytes)
Event: 3.492 Thread 0x0000017965084f90 nmethod 3644 0x000001794e674890 code [0x000001794e674a60, 0x000001794e674d98]
Event: 3.494 Thread 0x0000017965084f90 3645       2       sun.reflect.generics.reflectiveObjects.ParameterizedTypeImpl::make (11 bytes)
Event: 3.494 Thread 0x0000017965084f90 nmethod 3645 0x000001794e674e90 code [0x000001794e675040, 0x000001794e6752f8]
Event: 3.494 Thread 0x0000017965084f90 3649       2       java.lang.reflect.Method::getGenericExceptionTypes (5 bytes)
Event: 3.495 Thread 0x0000017965084f90 nmethod 3649 0x000001794e675410 code [0x000001794e675600, 0x000001794e675bf8]
Event: 3.495 Thread 0x0000017965084f90 3650       2       org.codehaus.groovy.util.ComplexKeyHashMap$1::hasNext (13 bytes)
Event: 3.495 Thread 0x0000017965084f90 nmethod 3650 0x000001794e675e90 code [0x000001794e676020, 0x000001794e676138]
Event: 3.495 Thread 0x0000017965084f90 3648       2       java.util.Hashtable$Enumerator::next (27 bytes)
Event: 3.495 Thread 0x0000017965084f90 nmethod 3648 0x000001794e676210 code [0x000001794e6763c0, 0x000001794e6765b8]
Event: 3.495 Thread 0x0000017965084f90 3646       2       sun.reflect.generics.reflectiveObjects.TypeVariableImpl::hashCode (16 bytes)
Event: 3.496 Thread 0x0000017965084f90 nmethod 3646 0x000001794e676710 code [0x000001794e6768c0, 0x000001794e676a38]
Event: 3.496 Thread 0x0000017965084f90 3651       2       java.util.Collections::addAll (43 bytes)
Event: 3.496 Thread 0x0000017965084f90 nmethod 3651 0x000001794e676b10 code [0x000001794e676cc0, 0x000001794e676e88]
Event: 3.496 Thread 0x0000017965084f90 3647       2       java.beans.Introspector::addPropertyDescriptor (265 bytes)

GC Heap History (11 events):
Event: 0.498 GC heap before
{Heap before GC invocations=0 (full 0):
 garbage-first heap   total 194560K, used 26624K [0x0000000080000000, 0x0000000100000000)
  region size 1024K, 23 young (23552K), 0 survivors (0K)
 Metaspace       used 2997K, committed 3136K, reserved 491520K
  class space    used 379K, committed 448K, reserved 425984K
}
Event: 0.502 GC heap after
{Heap after GC invocations=1 (full 0):
 garbage-first heap   total 194560K, used 10500K [0x0000000080000000, 0x0000000100000000)
  region size 1024K, 3 young (3072K), 3 survivors (3072K)
 Metaspace       used 2997K, committed 3136K, reserved 491520K
  class space    used 379K, committed 448K, reserved 425984K
}
Event: 0.825 GC heap before
{Heap before GC invocations=1 (full 0):
 garbage-first heap   total 194560K, used 40196K [0x0000000080000000, 0x0000000100000000)
  region size 1024K, 32 young (32768K), 3 survivors (3072K)
 Metaspace       used 3935K, committed 4096K, reserved 491520K
  class space    used 476K, committed 576K, reserved 425984K
}
Event: 0.830 GC heap after
{Heap after GC invocations=2 (full 0):
 garbage-first heap   total 194560K, used 14556K [0x0000000080000000, 0x0000000100000000)
  region size 1024K, 4 young (4096K), 4 survivors (4096K)
 Metaspace       used 3935K, committed 4096K, reserved 491520K
  class space    used 476K, committed 576K, reserved 425984K
}
Event: 2.530 GC heap before
{Heap before GC invocations=2 (full 0):
 garbage-first heap   total 194560K, used 116956K [0x0000000080000000, 0x0000000100000000)
  region size 1024K, 105 young (107520K), 4 survivors (4096K)
 Metaspace       used 21225K, committed 21504K, reserved 491520K
  class space    used 3154K, committed 3264K, reserved 425984K
}
Event: 2.538 GC heap after
{Heap after GC invocations=3 (full 0):
 garbage-first heap   total 194560K, used 22313K [0x0000000080000000, 0x0000000100000000)
  region size 1024K, 12 young (12288K), 12 survivors (12288K)
 Metaspace       used 21225K, committed 21504K, reserved 491520K
  class space    used 3154K, committed 3264K, reserved 425984K
}
Event: 3.110 GC heap before
{Heap before GC invocations=4 (full 0):
 garbage-first heap   total 81920K, used 58153K [0x0000000080000000, 0x0000000100000000)
  region size 1024K, 48 young (49152K), 12 survivors (12288K)
 Metaspace       used 28649K, committed 28992K, reserved 491520K
  class space    used 4027K, committed 4160K, reserved 425984K
}
Event: 3.119 GC heap after
{Heap after GC invocations=5 (full 0):
 garbage-first heap   total 81920K, used 26960K [0x0000000080000000, 0x0000000100000000)
  region size 1024K, 5 young (5120K), 5 survivors (5120K)
 Metaspace       used 28649K, committed 28992K, reserved 491520K
  class space    used 4027K, committed 4160K, reserved 425984K
}
Event: 3.124 GC heap before
{Heap before GC invocations=5 (full 0):
 garbage-first heap   total 81920K, used 27984K [0x0000000080000000, 0x0000000100000000)
  region size 1024K, 6 young (6144K), 5 survivors (5120K)
 Metaspace       used 28652K, committed 28992K, reserved 491520K
  class space    used 4027K, committed 4160K, reserved 425984K
}
Event: 3.128 GC heap after
{Heap after GC invocations=6 (full 0):
 garbage-first heap   total 81920K, used 26823K [0x0000000080000000, 0x0000000100000000)
  region size 1024K, 1 young (1024K), 1 survivors (1024K)
 Metaspace       used 28652K, committed 28992K, reserved 491520K
  class space    used 4027K, committed 4160K, reserved 425984K
}
Event: 3.498 GC heap before
{Heap before GC invocations=6 (full 0):
 garbage-first heap   total 81920K, used 59591K [0x0000000080000000, 0x0000000100000000)
  region size 1024K, 31 young (31744K), 1 survivors (1024K)
 Metaspace       used 31408K, committed 31872K, reserved 491520K
  class space    used 4334K, committed 4544K, reserved 425984K
}

Dll operation events (13 events):
Event: 0.005 Loaded shared library C:\Program Files\Microsoft\jdk-17.0.11.9-hotspot\bin\java.dll
Event: 0.019 Loaded shared library C:\Program Files\Microsoft\jdk-17.0.11.9-hotspot\bin\jsvml.dll
Event: 0.051 Loaded shared library C:\Program Files\Microsoft\jdk-17.0.11.9-hotspot\bin\net.dll
Event: 0.052 Loaded shared library C:\Program Files\Microsoft\jdk-17.0.11.9-hotspot\bin\nio.dll
Event: 0.055 Loaded shared library C:\Program Files\Microsoft\jdk-17.0.11.9-hotspot\bin\zip.dll
Event: 0.183 Loaded shared library C:\Program Files\Microsoft\jdk-17.0.11.9-hotspot\bin\jimage.dll
Event: 0.242 Loaded shared library C:\Program Files\Microsoft\jdk-17.0.11.9-hotspot\bin\verify.dll
Event: 0.383 Loaded shared library C:\Users\thamo\.gradle\native\68d5fa5c4cc2d200863cafc0d521ce42e7d3e7ee720ec0a83991735586a16f82\windows-amd64\native-platform.dll
Event: 0.388 Loaded shared library C:\Users\thamo\.gradle\native\e376f236ea51e6404a007f0833ffe2c6e607c4080706a723a18a27aeea778392\windows-amd64\native-platform-file-events.dll
Event: 1.005 Loaded shared library C:\Program Files\Microsoft\jdk-17.0.11.9-hotspot\bin\management.dll
Event: 1.008 Loaded shared library C:\Program Files\Microsoft\jdk-17.0.11.9-hotspot\bin\management_ext.dll
Event: 1.170 Loaded shared library C:\Program Files\Microsoft\jdk-17.0.11.9-hotspot\bin\extnet.dll
Event: 1.332 Loaded shared library C:\Program Files\Microsoft\jdk-17.0.11.9-hotspot\bin\sunmscapi.dll

Deoptimization events (20 events):
Event: 3.301 Thread 0x000001796b749100 Uncommon trap: trap_request=0xffffffbe fr.pc=0x0000017955b7c94c relative=0x0000000000003e6c
Event: 3.301 Thread 0x000001796b749100 Uncommon trap: reason=profile_predicate action=maybe_recompile pc=0x0000017955b7c94c method=java.util.AbstractCollection.addAll(Ljava/util/Collection;)Z @ 15 c2
Event: 3.301 Thread 0x000001796b749100 DEOPT PACKING pc=0x0000017955b7c94c sp=0x0000000757ff9080
Event: 3.301 Thread 0x000001796b749100 DEOPT UNPACKING pc=0x00000179554a69a3 sp=0x0000000757ff9078 mode 2
Event: 3.320 Thread 0x000001796b749100 Uncommon trap: trap_request=0xffffffde fr.pc=0x0000017955bd98a4 relative=0x0000000000000444
Event: 3.320 Thread 0x000001796b749100 Uncommon trap: reason=class_check action=maybe_recompile pc=0x0000017955bd98a4 method=java.util.regex.Pattern$Start.match(Ljava/util/regex/Matcher;ILjava/lang/CharSequence;)Z @ 44 c2
Event: 3.320 Thread 0x000001796b749100 DEOPT PACKING pc=0x0000017955bd98a4 sp=0x0000000757ff8680
Event: 3.320 Thread 0x000001796b749100 DEOPT UNPACKING pc=0x00000179554a69a3 sp=0x0000000757ff8548 mode 2
Event: 3.320 Thread 0x000001796b749100 Uncommon trap: trap_request=0xffffffde fr.pc=0x0000017955bd98a4 relative=0x0000000000000444
Event: 3.320 Thread 0x000001796b749100 Uncommon trap: reason=class_check action=maybe_recompile pc=0x0000017955bd98a4 method=java.util.regex.Pattern$Start.match(Ljava/util/regex/Matcher;ILjava/lang/CharSequence;)Z @ 44 c2
Event: 3.320 Thread 0x000001796b749100 DEOPT PACKING pc=0x0000017955bd98a4 sp=0x0000000757ff8680
Event: 3.320 Thread 0x000001796b749100 DEOPT UNPACKING pc=0x00000179554a69a3 sp=0x0000000757ff8548 mode 2
Event: 3.324 Thread 0x000001796b749100 Uncommon trap: trap_request=0xffffffbe fr.pc=0x0000017955b7c94c relative=0x0000000000003e6c
Event: 3.324 Thread 0x000001796b749100 Uncommon trap: reason=profile_predicate action=maybe_recompile pc=0x0000017955b7c94c method=java.util.AbstractCollection.addAll(Ljava/util/Collection;)Z @ 15 c2
Event: 3.324 Thread 0x000001796b749100 DEOPT PACKING pc=0x0000017955b7c94c sp=0x0000000757ff9080
Event: 3.324 Thread 0x000001796b749100 DEOPT UNPACKING pc=0x00000179554a69a3 sp=0x0000000757ff9078 mode 2
Event: 3.421 Thread 0x000001796b749100 Uncommon trap: trap_request=0xffffffde fr.pc=0x0000017955bd98a4 relative=0x0000000000000444
Event: 3.421 Thread 0x000001796b749100 Uncommon trap: reason=class_check action=maybe_recompile pc=0x0000017955bd98a4 method=java.util.regex.Pattern$Start.match(Ljava/util/regex/Matcher;ILjava/lang/CharSequence;)Z @ 44 c2
Event: 3.421 Thread 0x000001796b749100 DEOPT PACKING pc=0x0000017955bd98a4 sp=0x0000000757ff97e0
Event: 3.421 Thread 0x000001796b749100 DEOPT UNPACKING pc=0x00000179554a69a3 sp=0x0000000757ff96a8 mode 2

Classes unloaded (0 events):
No events

Classes redefined (0 events):
No events

Internal exceptions (20 events):
Event: 3.317 Thread 0x000001796b749100 Exception <a 'java/lang/ClassNotFoundException'{0x0000000083bc4770}: org/gradle/groovy/scripts/ScriptCustomizer> (0x0000000083bc4770) 
thrown [s\src\hotspot\share\classfile\systemDictionary.cpp, line 256]
Event: 3.318 Thread 0x000001796b749100 Exception <a 'java/lang/ClassNotFoundException'{0x0000000083bd6030}: org/gradle/groovy/scripts/BasicScriptCustomizer> (0x0000000083bd6030) 
thrown [s\src\hotspot\share\classfile\systemDictionary.cpp, line 256]
Event: 3.319 Thread 0x000001796b749100 Exception <a 'java/lang/ClassNotFoundException'{0x0000000083bed788}: org/gradle/groovy/scripts/DefaultScriptCustomizer> (0x0000000083bed788) 
thrown [s\src\hotspot\share\classfile\systemDictionary.cpp, line 256]
Event: 3.322 Thread 0x000001796b749100 Exception <a 'java/lang/ClassNotFoundException'{0x0000000083a165b8}: org/gradle/plugin/use/internal/PluginsAwareScriptCustomizer> (0x0000000083a165b8) 
thrown [s\src\hotspot\share\classfile\systemDictionary.cpp, line 256]
Event: 3.323 Thread 0x000001796b749100 Exception <a 'java/lang/ClassNotFoundException'{0x0000000083a292c8}: org/gradle/initialization/SettingsScriptCustomizer> (0x0000000083a292c8) 
thrown [s\src\hotspot\share\classfile\systemDictionary.cpp, line 256]
Event: 3.324 Thread 0x000001796b749100 Exception <a 'java/lang/ClassNotFoundException'{0x0000000083a375a8}: settings_5el374fpz4pwm6ubmtb3q852tCustomizer> (0x0000000083a375a8) 
thrown [s\src\hotspot\share\classfile\systemDictionary.cpp, line 256]
Event: 3.342 Thread 0x000001796b749100 Exception <a 'java/lang/ClassNotFoundException'{0x000000008394e3a8}: org/gradle/initialization/DefaultSettings_DecoratedBeanInfo> (0x000000008394e3a8) 
thrown [s\src\hotspot\share\classfile\systemDictionary.cpp, line 256]
Event: 3.343 Thread 0x000001796b749100 Exception <a 'java/lang/ClassNotFoundException'{0x000000008395ecf8}: org/gradle/initialization/DefaultSettingsBeanInfo> (0x000000008395ecf8) 
thrown [s\src\hotspot\share\classfile\systemDictionary.cpp, line 256]
Event: 3.343 Thread 0x000001796b749100 Exception <a 'java/lang/ClassNotFoundException'{0x0000000083970048}: org/gradle/api/internal/project/AbstractPluginAwareBeanInfo> (0x0000000083970048) 
thrown [s\src\hotspot\share\classfile\systemDictionary.cpp, line 256]
Event: 3.344 Thread 0x000001796b749100 Exception <a 'java/lang/ClassNotFoundException'{0x00000000839813b8}: org/gradle/api/internal/project/AbstractPluginAwareCustomizer> (0x00000000839813b8) 
thrown [s\src\hotspot\share\classfile\systemDictionary.cpp, line 256]
Event: 3.345 Thread 0x000001796b749100 Exception <a 'java/lang/ClassNotFoundException'{0x0000000083997d68}: org/gradle/initialization/DefaultSettingsCustomizer> (0x0000000083997d68) 
thrown [s\src\hotspot\share\classfile\systemDictionary.cpp, line 256]
Event: 3.349 Thread 0x000001796b749100 Exception <a 'java/lang/ClassNotFoundException'{0x00000000839dbbf8}: org/gradle/initialization/DefaultSettings_DecoratedCustomizer> (0x00000000839dbbf8) 
thrown [s\src\hotspot\share\classfile\systemDictionary.cpp, line 256]
Event: 3.361 Thread 0x000001796b749100 Exception <a 'java/lang/ClassNotFoundException'{0x000000008387b9d8}: org/gradle/initialization/DefaultProjectDescriptorBeanInfo> (0x000000008387b9d8) 
thrown [s\src\hotspot\share\classfile\systemDictionary.cpp, line 256]
Event: 3.362 Thread 0x000001796b749100 Exception <a 'java/lang/ClassNotFoundException'{0x000000008388b230}: org/gradle/initialization/DefaultProjectDescriptorCustomizer> (0x000000008388b230) 
thrown [s\src\hotspot\share\classfile\systemDictionary.cpp, line 256]
Event: 3.420 Thread 0x000001796b749100 Exception <a 'java/lang/ClassNotFoundException'{0x00000000835304d0}: org/gradle/api/internal/plugins/DefaultObjectConfigurationActionBeanInfo> (0x00000000835304d0) 
thrown [s\src\hotspot\share\classfile\systemDictionary.cpp, line 256]
Event: 3.421 Thread 0x000001796b749100 Exception <a 'java/lang/ClassNotFoundException'{0x0000000083540168}: org/gradle/api/internal/plugins/DefaultObjectConfigurationActionCustomizer> (0x0000000083540168) 
thrown [s\src\hotspot\share\classfile\systemDictionary.cpp, line 256]
Event: 3.488 Thread 0x000001796b749100 Exception <a 'java/lang/ClassNotFoundException'{0x00000000832de4a8}: native_modules_4lyfwrb6kq8va0zb67o936zjvBeanInfo> (0x00000000832de4a8) 
thrown [s\src\hotspot\share\classfile\systemDictionary.cpp, line 256]
Event: 3.489 Thread 0x000001796b749100 Exception <a 'java/lang/ClassNotFoundException'{0x00000000832e4948}: native_modules_4lyfwrb6kq8va0zb67o936zjvCustomizer> (0x00000000832e4948) 
thrown [s\src\hotspot\share\classfile\systemDictionary.cpp, line 256]
Event: 3.493 Thread 0x000001796b749100 Exception <a 'java/lang/ClassNotFoundException'{0x000000008312fbb0}: groovy/lang/ReferenceBeanInfo> (0x000000008312fbb0) 
thrown [s\src\hotspot\share\classfile\systemDictionary.cpp, line 256]
Event: 3.493 Thread 0x000001796b749100 Exception <a 'java/lang/ClassNotFoundException'{0x0000000083154f40}: groovy/lang/ReferenceCustomizer> (0x0000000083154f40) 
thrown [s\src\hotspot\share\classfile\systemDictionary.cpp, line 256]

VM Operations (20 events):
Event: 2.914 Executing VM operation: HandshakeAllThreads done
Event: 2.931 Executing VM operation: ICBufferFull
Event: 2.931 Executing VM operation: ICBufferFull done
Event: 3.021 Executing VM operation: HandshakeAllThreads
Event: 3.021 Executing VM operation: HandshakeAllThreads done
Event: 3.021 Executing VM operation: HandshakeAllThreads
Event: 3.021 Executing VM operation: HandshakeAllThreads done
Event: 3.024 Executing VM operation: HandshakeAllThreads
Event: 3.024 Executing VM operation: HandshakeAllThreads done
Event: 3.026 Executing VM operation: HandshakeAllThreads
Event: 3.026 Executing VM operation: HandshakeAllThreads done
Event: 3.084 Executing VM operation: HandshakeAllThreads
Event: 3.084 Executing VM operation: HandshakeAllThreads done
Event: 3.110 Executing VM operation: G1CollectForAllocation
Event: 3.119 Executing VM operation: G1CollectForAllocation done
Event: 3.124 Executing VM operation: G1CollectForAllocation
Event: 3.128 Executing VM operation: G1CollectForAllocation done
Event: 3.251 Executing VM operation: HandshakeAllThreads
Event: 3.251 Executing VM operation: HandshakeAllThreads done
Event: 3.498 Executing VM operation: G1CollectForAllocation

Events (20 events):
Event: 3.425 loading class javax/net/ssl/HostnameVerifier
Event: 3.425 loading class javax/net/ssl/HostnameVerifier done
Event: 3.427 loading class javax/net/ssl/TrustManager
Event: 3.427 loading class javax/net/ssl/TrustManager done
Event: 3.427 loading class javax/net/ssl/X509TrustManager
Event: 3.427 loading class javax/net/ssl/X509TrustManager done
Event: 3.429 loading class javax/net/ssl/SSLException
Event: 3.429 loading class javax/net/ssl/SSLException done
Event: 3.429 loading class javax/net/ssl/SSLPeerUnverifiedException
Event: 3.429 loading class javax/net/ssl/SSLPeerUnverifiedException done
Event: 3.429 loading class javax/naming/NamingException
Event: 3.429 loading class javax/naming/NamingException done
Event: 3.429 loading class javax/naming/InvalidNameException
Event: 3.429 loading class javax/naming/InvalidNameException done
Event: 3.429 loading class java/security/cert/CertificateParsingException
Event: 3.429 loading class java/security/cert/CertificateException
Event: 3.429 loading class java/security/cert/CertificateException done
Event: 3.429 loading class java/security/cert/CertificateParsingException done
Event: 3.461 Thread 0x000001796c59d040 Thread added: 0x000001796c59d040
Event: 3.481 Thread 0x000001796c5a02e0 Thread added: 0x000001796c5a02e0


Dynamic libraries:
0x00007ff7be210000 - 0x00007ff7be21e000 	C:\Program Files\Microsoft\jdk-17.0.11.9-hotspot\bin\java.exe
0x00007ffeaa190000 - 0x00007ffeaa388000 	C:\WINDOWS\SYSTEM32\ntdll.dll
0x00007ffea8d50000 - 0x00007ffea8e0d000 	C:\WINDOWS\System32\KERNEL32.DLL
0x00007ffea7850000 - 0x00007ffea7b46000 	C:\WINDOWS\System32\KERNELBASE.dll
0x00007ffea7b50000 - 0x00007ffea7c50000 	C:\WINDOWS\System32\ucrtbase.dll
0x00007ffe80450000 - 0x00007ffe80467000 	C:\Program Files\Microsoft\jdk-17.0.11.9-hotspot\bin\jli.dll
0x00007ffe80720000 - 0x00007ffe8073b000 	C:\Program Files\Microsoft\jdk-17.0.11.9-hotspot\bin\VCRUNTIME140.dll
0x00007ffea8bb0000 - 0x00007ffea8d4f000 	C:\WINDOWS\System32\USER32.dll
0x00007ffea6bb0000 - 0x00007ffea6e4a000 	C:\WINDOWS\WinSxS\amd64_microsoft.windows.common-controls_6595b64144ccf1df_6.0.19041.4355_none_60b8b9eb71f62e16\COMCTL32.dll
0x00007ffea7ef0000 - 0x00007ffea7f12000 	C:\WINDOWS\System32\win32u.dll
0x00007ffea92f0000 - 0x00007ffea938e000 	C:\WINDOWS\System32\msvcrt.dll
0x00007ffea8370000 - 0x00007ffea839b000 	C:\WINDOWS\System32\GDI32.dll
0x00007ffea80b0000 - 0x00007ffea81c7000 	C:\WINDOWS\System32\gdi32full.dll
0x00007ffea7c50000 - 0x00007ffea7ced000 	C:\WINDOWS\System32\msvcp_win.dll
0x00007ffea8450000 - 0x00007ffea847f000 	C:\WINDOWS\System32\IMM32.DLL
0x00007ffe98e20000 - 0x00007ffe98e2c000 	C:\Program Files\Microsoft\jdk-17.0.11.9-hotspot\bin\vcruntime140_1.dll
0x00007ffe71fd0000 - 0x00007ffe7205d000 	C:\Program Files\Microsoft\jdk-17.0.11.9-hotspot\bin\msvcp140.dll
0x00007ffe52bf0000 - 0x00007ffe53856000 	C:\Program Files\Microsoft\jdk-17.0.11.9-hotspot\bin\server\jvm.dll
0x00007ffea83a0000 - 0x00007ffea8450000 	C:\WINDOWS\System32\ADVAPI32.dll
0x00007ffea8e10000 - 0x00007ffea8eb0000 	C:\WINDOWS\System32\sechost.dll
0x00007ffea8f60000 - 0x00007ffea9083000 	C:\WINDOWS\System32\RPCRT4.dll
0x00007ffea7d60000 - 0x00007ffea7d87000 	C:\WINDOWS\System32\bcrypt.dll
0x00007ffe93cd0000 - 0x00007ffe93cd9000 	C:\WINDOWS\SYSTEM32\WSOCK32.dll
0x00007ffea75f0000 - 0x00007ffea763b000 	C:\WINDOWS\SYSTEM32\POWRPROF.dll
0x00007ffea9160000 - 0x00007ffea91cb000 	C:\WINDOWS\System32\WS2_32.dll
0x00007ffe96150000 - 0x00007ffe96177000 	C:\WINDOWS\SYSTEM32\WINMM.dll
0x00007ffe9f300000 - 0x00007ffe9f30a000 	C:\WINDOWS\SYSTEM32\VERSION.dll
0x00007ffea75d0000 - 0x00007ffea75e2000 	C:\WINDOWS\SYSTEM32\UMPDC.dll
0x00007ffea59f0000 - 0x00007ffea5a02000 	C:\WINDOWS\SYSTEM32\kernel.appcore.dll
0x00007ffe8fc30000 - 0x00007ffe8fc3a000 	C:\Program Files\Microsoft\jdk-17.0.11.9-hotspot\bin\jimage.dll
0x00007ffea71b0000 - 0x00007ffea7394000 	C:\WINDOWS\SYSTEM32\DBGHELP.DLL
0x00007ffea6f60000 - 0x00007ffea6f94000 	C:\WINDOWS\SYSTEM32\dbgcore.DLL
0x00007ffea7f20000 - 0x00007ffea7fa2000 	C:\WINDOWS\System32\bcryptPrimitives.dll
0x00007ffe80050000 - 0x00007ffe80075000 	C:\Program Files\Microsoft\jdk-17.0.11.9-hotspot\bin\java.dll
0x00007ffe6d320000 - 0x00007ffe6d3f7000 	C:\Program Files\Microsoft\jdk-17.0.11.9-hotspot\bin\jsvml.dll
0x00007ffea9980000 - 0x00007ffeaa0ea000 	C:\WINDOWS\System32\SHELL32.dll
0x00007ffea5240000 - 0x00007ffea59dd000 	C:\WINDOWS\SYSTEM32\windows.storage.dll
0x00007ffea9540000 - 0x00007ffea9893000 	C:\WINDOWS\System32\combase.dll
0x00007ffea6b10000 - 0x00007ffea6b3e000 	C:\WINDOWS\SYSTEM32\Wldp.dll
0x00007ffea9090000 - 0x00007ffea915d000 	C:\WINDOWS\System32\OLEAUT32.dll
0x00007ffea9240000 - 0x00007ffea92ed000 	C:\WINDOWS\System32\SHCORE.dll
0x00007ffea98a0000 - 0x00007ffea98f5000 	C:\WINDOWS\System32\shlwapi.dll
0x00007ffea7780000 - 0x00007ffea77a4000 	C:\WINDOWS\SYSTEM32\profapi.dll
0x00007ffe7ffe0000 - 0x00007ffe7fff9000 	C:\Program Files\Microsoft\jdk-17.0.11.9-hotspot\bin\net.dll
0x00007ffe9fc30000 - 0x00007ffe9fd3a000 	C:\WINDOWS\SYSTEM32\WINHTTP.dll
0x00007ffea67f0000 - 0x00007ffea685a000 	C:\WINDOWS\system32\mswsock.dll
0x00007ffe7ff90000 - 0x00007ffe7ffa6000 	C:\Program Files\Microsoft\jdk-17.0.11.9-hotspot\bin\nio.dll
0x00007ffe7fa10000 - 0x00007ffe7fa28000 	C:\Program Files\Microsoft\jdk-17.0.11.9-hotspot\bin\zip.dll
0x00007ffe8e6b0000 - 0x00007ffe8e6c0000 	C:\Program Files\Microsoft\jdk-17.0.11.9-hotspot\bin\verify.dll
0x00007ffe7f9e0000 - 0x00007ffe7fa07000 	C:\Users\thamo\.gradle\native\68d5fa5c4cc2d200863cafc0d521ce42e7d3e7ee720ec0a83991735586a16f82\windows-amd64\native-platform.dll
0x00007ffe6cc10000 - 0x00007ffe6cd54000 	C:\Users\thamo\.gradle\native\e376f236ea51e6404a007f0833ffe2c6e607c4080706a723a18a27aeea778392\windows-amd64\native-platform-file-events.dll
0x00007ffe8da80000 - 0x00007ffe8da89000 	C:\Program Files\Microsoft\jdk-17.0.11.9-hotspot\bin\management.dll
0x00007ffe86370000 - 0x00007ffe8637b000 	C:\Program Files\Microsoft\jdk-17.0.11.9-hotspot\bin\management_ext.dll
0x00007ffea8480000 - 0x00007ffea8488000 	C:\WINDOWS\System32\PSAPI.DLL
0x00007ffea7540000 - 0x00007ffea7558000 	C:\WINDOWS\SYSTEM32\CRYPTSP.dll
0x00007ffea61f0000 - 0x00007ffea6224000 	C:\WINDOWS\system32\rsaenh.dll
0x00007ffea7730000 - 0x00007ffea775e000 	C:\WINDOWS\SYSTEM32\USERENV.dll
0x00007ffea6a20000 - 0x00007ffea6a2c000 	C:\WINDOWS\SYSTEM32\CRYPTBASE.dll
0x00007ffea69d0000 - 0x00007ffea6a0b000 	C:\WINDOWS\SYSTEM32\IPHLPAPI.DLL
0x00007ffea9230000 - 0x00007ffea9238000 	C:\WINDOWS\System32\NSI.dll
0x00007ffea0140000 - 0x00007ffea0157000 	C:\WINDOWS\SYSTEM32\dhcpcsvc6.DLL
0x00007ffea0410000 - 0x00007ffea042d000 	C:\WINDOWS\SYSTEM32\dhcpcsvc.DLL
0x00007ffea6550000 - 0x00007ffea661a000 	C:\WINDOWS\SYSTEM32\DNSAPI.dll
0x00007ffe85e70000 - 0x00007ffe85e79000 	C:\Program Files\Microsoft\jdk-17.0.11.9-hotspot\bin\extnet.dll
0x00007ffe85b50000 - 0x00007ffe85b5e000 	C:\Program Files\Microsoft\jdk-17.0.11.9-hotspot\bin\sunmscapi.dll
0x00007ffea7d90000 - 0x00007ffea7eee000 	C:\WINDOWS\System32\CRYPT32.dll
0x00007ffea6b80000 - 0x00007ffea6ba9000 	C:\WINDOWS\SYSTEM32\ncrypt.dll
0x00007ffea6b40000 - 0x00007ffea6b7b000 	C:\WINDOWS\SYSTEM32\NTASN1.dll
0x00007ffe85b20000 - 0x00007ffe85b27000 	C:\WINDOWS\system32\wshunix.dll

dbghelp: loaded successfully - version: 4.0.5 - missing functions: none
symbol engine: initialized successfully - sym options: 0x614 - pdb path: .;C:\Program Files\Microsoft\jdk-17.0.11.9-hotspot\bin;C:\WINDOWS\SYSTEM32;C:\WINDOWS\WinSxS\amd64_microsoft.windows.common-controls_6595b64144ccf1df_6.0.19041.4355_none_60b8b9eb71f62e16;C:\Program Files\Microsoft\jdk-17.0.11.9-hotspot\bin\server;C:\Users\thamo\.gradle\native\68d5fa5c4cc2d200863cafc0d521ce42e7d3e7ee720ec0a83991735586a16f82\windows-amd64;C:\Users\thamo\.gradle\native\e376f236ea51e6404a007f0833ffe2c6e607c4080706a723a18a27aeea778392\windows-amd64

VM Arguments:
jvm_args: -XX:MaxMetaspaceSize=512m --add-opens=java.base/java.util=ALL-UNNAMED --add-opens=java.base/java.lang=ALL-UNNAMED --add-opens=java.base/java.lang.invoke=ALL-UNNAMED --add-opens=java.prefs/java.util.prefs=ALL-UNNAMED --add-opens=java.base/java.nio.charset=ALL-UNNAMED --add-opens=java.base/java.net=ALL-UNNAMED --add-opens=java.base/java.util.concurrent.atomic=ALL-UNNAMED -Xmx2048m -Dfile.encoding=windows-1252 -Duser.country=US -Duser.language=en -Duser.variant 
java_command: org.gradle.launcher.daemon.bootstrap.GradleDaemon 8.0.1
java_class_path (initial): C:\Users\thamo\.gradle\wrapper\dists\gradle-8.0.1-all\aro4hu1c3oeioove7l0i4i14o\gradle-8.0.1\lib\gradle-launcher-8.0.1.jar
Launcher Type: SUN_STANDARD

[Global flags]
     intx CICompilerCount                          = 4                                         {product} {ergonomic}
   size_t CompressedClassSpaceSize                 = 436207616                                 {product} {ergonomic}
     uint ConcGCThreads                            = 2                                         {product} {ergonomic}
     uint G1ConcRefinementThreads                  = 8                                         {product} {ergonomic}
   size_t G1HeapRegionSize                         = 1048576                                   {product} {ergonomic}
    uintx GCDrainStackTargetSize                   = 64                                        {product} {ergonomic}
   size_t InitialHeapSize                          = 199229440                                 {product} {ergonomic}
   size_t MarkStackSize                            = 4194304                                   {product} {ergonomic}
   size_t MaxHeapSize                              = 2147483648                                {product} {command line}
   size_t MaxMetaspaceSize                         = 536870912                                 {product} {command line}
   size_t MaxNewSize                               = 1287651328                                {product} {ergonomic}
   size_t MinHeapDeltaBytes                        = 1048576                                   {product} {ergonomic}
   size_t MinHeapSize                              = 8388608                                   {product} {ergonomic}
    uintx NonNMethodCodeHeapSize                   = 5839372                                {pd product} {ergonomic}
    uintx NonProfiledCodeHeapSize                  = 122909434                              {pd product} {ergonomic}
    uintx ProfiledCodeHeapSize                     = 122909434                              {pd product} {ergonomic}
    uintx ReservedCodeCacheSize                    = 251658240                              {pd product} {ergonomic}
     bool SegmentedCodeCache                       = true                                      {product} {ergonomic}
   size_t SoftMaxHeapSize                          = 2147483648                             {manageable} {ergonomic}
     bool UseCompressedClassPointers               = true                           {product lp64_product} {ergonomic}
     bool UseCompressedOops                        = true                           {product lp64_product} {ergonomic}
     bool UseG1GC                                  = true                                      {product} {ergonomic}
     bool UseLargePagesIndividualAllocation        = false                                  {pd product} {ergonomic}

Logging:
Log output configuration:
 #0: stdout all=warning uptime,level,tags
 #1: stderr all=off uptime,level,tags

Environment Variables:
JAVA_HOME=C:\Program Files\Microsoft\jdk-17.0.11.9-hotspot\
CLASSPATH=C:\Users\thamo\Downloads\NEWSIQ_MOBILE_APP-main\NEWSIQ_MOBILE_APP-main\android\\gradle\wrapper\gradle-wrapper.jar
PATH=C:\Users\thamo\Downloads\NEWSIQ_MOBILE_APP-main\NEWSIQ_MOBILE_APP-main\node_modules\.bin;C:\Users\thamo\Downloads\NEWSIQ_MOBILE_APP-main\NEWSIQ_MOBILE_APP-main\node_modules\.bin;C:\Users\thamo\Downloads\NEWSIQ_MOBILE_APP-main\node_modules\.bin;C:\Users\thamo\Downloads\node_modules\.bin;C:\Users\thamo\node_modules\.bin;C:\Users\node_modules\.bin;C:\node_modules\.bin;C:\Users\thamo\AppData\Roaming\npm\node_modules\npm\node_modules\@npmcli\run-script\lib\node-gyp-bin;C:\Users\thamo\Downloads\NEWSIQ_MOBILE_APP-main\NEWSIQ_MOBILE_APP-main\node_modules\.bin;C:\Users\thamo\Downloads\NEWSIQ_MOBILE_APP-main\node_modules\.bin;C:\Users\thamo\Downloads\node_modules\.bin;C:\Users\thamo\node_modules\.bin;C:\Users\node_modules\.bin;C:\node_modules\.bin;C:\Users\thamo\AppData\Roaming\npm\node_modules\npm\node_modules\@npmcli\run-script\lib\node-gyp-bin;C:\Program Files\Microsoft\jdk-17.0.11.9-hotspot\bin;C:\WINDOWS\system32;C:\WINDOWS;C:\WINDOWS\System32\Wbem;C:\WINDOWS\System32\WindowsPowerShell\v1.0\;C:\WINDOWS\System32\OpenSSH\;C:\ProgramData\chocolatey\bin;C:\Program Files\nodejs\;C:\Program Files\Git\cmd;C:\xampp\php;C:\ProgramData\ComposerSetup\bin;C:\Users\thamo\AppData\Local\Android\Sdk\platform-tools;C:\Users\thamo\AppData\Local\Android\Sdk\tools;C:\Users\thamo\AppData\Local\Microsoft\WindowsApps;C:\Users\thamo\AppData\Roaming\npm;C:\Users\thamo\AppData\Local\Android\Sdk;C:\Users\thamo\AppData\Local\Android\Sdk\emulator;C:\Users\thamo\AppData\Local\Android\Sdk\build-tools;C:\Program Files\JetBrains\WebStorm 2024.1.2\bin;;C:\Users\thamo\AppData\Local\Programs\Microsoft VS Code\bin;C:\Users\thamo\AppData\Local\GitHubDesktop\bin;C:\xampp\php;C:\Users\thamo\AppData\Roaming\Composer\vendor\bin
USERNAME=thamo
LANG=en_US.UTF-8
OS=Windows_NT
PROCESSOR_IDENTIFIER=Intel64 Family 6 Model 142 Stepping 12, GenuineIntel
TMP=C:\Users\thamo\AppData\Local\Temp
TEMP=C:\Users\thamo\AppData\Local\Temp



Periodic native trim disabled


---------------  S Y S T E M  ---------------

OS:
 Windows 10 , 64 bit Build 19041 (10.0.19041.3636)
OS uptime: 0 days 23:28 hours

CPU: total 8 (initial active 8) (4 cores per cpu, 2 threads per core) family 6 model 142 stepping 12 microcode 0xf0, cx8, cmov, fxsr, ht, mmx, 3dnowpref, sse, sse2, sse3, ssse3, sse4.1, sse4.2, popcnt, lzcnt, tsc, tscinvbit, avx, avx2, aes, erms, clmul, bmi1, bmi2, adx, fma, vzeroupper, clflush, clflushopt
Processor Information for all 8 processors :
  Max Mhz: 2112, Current Mhz: 1609, Mhz Limit: 1605

Memory: 4k page, system-wide physical 12091M (5500M free)
TotalPageFile size 18235M (AvailPageFile size 10385M)
current process WorkingSet (physical memory assigned to process): 257M, peak: 266M
current process commit charge ("private bytes"): 301M, peak: 393M

vm_info: OpenJDK 64-Bit Server VM (17.0.11+9-LTS) for windows-amd64 JRE (17.0.11+9-LTS), built on Apr  9 2024 22:05:54 by "MicrosoftCorporation" with MS VC++ 16.10 / 16.11 (VS2019)

END.
